<?xml version="1.0" encoding="UTF-8"?>
<testng-results ignored="0" total="1" passed="1" failed="0" skipped="0">
  <reporter-output>
  </reporter-output>
  <suite started-at="2023-04-23T15:13:21 IST" name="Suite" finished-at="2023-04-23T15:13:29 IST" duration-ms="7795">
    <groups>
    </groups>
    <test started-at="2023-04-23T15:13:21 IST" name="Test" finished-at="2023-04-23T15:13:29 IST" duration-ms="7795">
      <class name="sample.TestClass">
        <test-method signature="getResponseStatus()[pri:0, instance:sample.TestClass@747f281]" started-at="2023-04-23T15:13:21 IST" name="getResponseStatus" finished-at="2023-04-23T15:13:28 IST" duration-ms="7664" status="PASS">
          <reporter-output>
          </reporter-output>
        </test-method> <!-- getResponseStatus -->
      </class> <!-- sample.TestClass -->
    </test> <!-- Test -->
  </suite> <!-- Suite -->
</testng-results>
